{"C:\\Users\\tbozon\\Desktop\\module-jest-act1\\calculator.js": {"path":"C:\\Users\\tbozon\\Desktop\\module-jest-act1\\calculator.js","statementMap":{"0":{"start":{"line":1,"column":0},"end":{"line":13,"column":1}},"1":{"start":{"line":2,"column":19},"end":{"line":2,"column":24}},"2":{"start":{"line":3,"column":19},"end":{"line":3,"column":24}},"3":{"start":{"line":4,"column":21},"end":{"line":4,"column":26}},"4":{"start":{"line":5,"column":21},"end":{"line":5,"column":26}},"5":{"start":{"line":8,"column":23},"end":{"line":8,"column":64}},"6":{"start":{"line":9,"column":22},"end":{"line":9,"column":32}},"7":{"start":{"line":10,"column":8},"end":{"line":10,"column":50}}},"fnMap":{"0":{"name":"(anonymous_0)","decl":{"start":{"line":2,"column":9},"end":{"line":2,"column":10}},"loc":{"start":{"line":2,"column":19},"end":{"line":2,"column":24}},"line":2},"1":{"name":"(anonymous_1)","decl":{"start":{"line":3,"column":9},"end":{"line":3,"column":10}},"loc":{"start":{"line":3,"column":19},"end":{"line":3,"column":24}},"line":3},"2":{"name":"(anonymous_2)","decl":{"start":{"line":4,"column":11},"end":{"line":4,"column":12}},"loc":{"start":{"line":4,"column":21},"end":{"line":4,"column":26}},"line":4},"3":{"name":"(anonymous_3)","decl":{"start":{"line":5,"column":11},"end":{"line":5,"column":12}},"loc":{"start":{"line":5,"column":21},"end":{"line":5,"column":26}},"line":5},"4":{"name":"(anonymous_4)","decl":{"start":{"line":7,"column":18},"end":{"line":7,"column":19}},"loc":{"start":{"line":7,"column":24},"end":{"line":11,"column":5}},"line":7}},"branchMap":{},"s":{"0":1,"1":1,"2":1,"3":1,"4":1,"5":1,"6":1,"7":1},"f":{"0":1,"1":1,"2":1,"3":1,"4":1},"b":{},"_coverageSchema":"1a1c01bbd47fc00a2c39e90264f33305004495a9","hash":"718b7ccb890bed17ef839ca734c95578a6cf4c24"}
}
